<?xml version="1.0" encoding="UTF-8"?>
<!-- Generated by org.testng.reporters.JUnitReportReporter -->
<testsuite skipped="0" hostname="srinivas-PC" name="com.qa.oht.testcases.HomePageTest" tests="6" failures="0" timestamp="12 Jul 2018 10:43:20 GMT" time="119.891" errors="0">
  <testcase name="validateHomePageTitletest" time="18.418" classname="com.qa.oht.testcases.HomePageTest"/>
  <testcase name="validateAboutUslinkTest" time="19.131" classname="com.qa.oht.testcases.HomePageTest"/>
  <testcase name="validateContactLinkTest" time="21.775" classname="com.qa.oht.testcases.HomePageTest"/>
  <testcase name="validateFaqLinkTest" time="20.120" classname="com.qa.oht.testcases.HomePageTest"/>
  <testcase name="validateTandCLinkTest" time="18.171" classname="com.qa.oht.testcases.HomePageTest"/>
  <testcase name="validatesignOutLinkTest" time="22.276" classname="com.qa.oht.testcases.HomePageTest"/>
</testsuite> <!-- com.qa.oht.testcases.HomePageTest -->
