<?xml version="1.0" encoding="UTF-8"?>
<!-- Generated by org.testng.reporters.JUnitReportReporter -->
<testsuite skipped="0" hostname="srinivas-PC" name="com.qa.oht.testcases.HomePageTest" tests="1" failures="0" timestamp="12 Jul 2018 12:25:05 GMT" time="22.647" errors="0">
  <testcase name="validateHomePageTitletest" time="22.647" classname="com.qa.oht.testcases.HomePageTest"/>
</testsuite> <!-- com.qa.oht.testcases.HomePageTest -->
