<?xml version="1.0" encoding="UTF-8"?>
<!-- Generated by org.testng.reporters.JUnitReportReporter -->
<testsuite skipped="0" hostname="srinivas-PC" name="com.qa.oht.testcases.LoginPageTest" tests="1" failures="0" timestamp="12 Jul 2018 12:25:05 GMT" time="20.656" errors="0">
  <testcase name="validateLoginPageTitleTest" time="20.656" classname="com.qa.oht.testcases.LoginPageTest"/>
</testsuite> <!-- com.qa.oht.testcases.LoginPageTest -->
